--------------------------------- Version Log ----------------------------------
Version                                 Path
System Generator 2023.1                 C:/Xilinx/Vivado/2023.1
Matlab 9.12.0.2327980 (R2022a) Update 7 C:\Program Files\MATLAB\R2022a
Vivado 2023.1                           C:/Xilinx/Vivado/2023.1
--------------------------------------------------------------------------------
Summary of Errors:
Error 0001: The design contains HDL blocks. Add a Vitis Model Compose...
     Block: 'error_pe/Mult2'
Error 0002: The design contains HDL blocks. Add a Vitis Model Compose...
     Block: 'error_pe/AddSub2'
Error 0003: The design contains HDL blocks. Add a Vitis Model Compose...
     Block: 'error_pe/delta_k'
Error 0004: The design contains HDL blocks. Add a Vitis Model Compose...
     Block: 'error_pe/output_k'
Error 0005: The design contains HDL blocks. Add a Vitis Model Compose...
     Block: 'error_pe/error_out'
Error 0006: The design contains HDL blocks. Add a Vitis Model Compose...
     Block: 'error_pe/Constant'
--------------------------------------------------------------------------------

Error 0001:

Reported by:
  'error_pe/Mult2'

Details:
The design contains HDL blocks. Add a Vitis Model Composer Hub
block at the top level in the design.

--------------------------------------------------------------------------------

Error 0001:

Reported by:
  'error_pe/AddSub2'

Details:
The design contains HDL blocks. Add a Vitis Model Composer Hub
block at the top level in the design.

--------------------------------------------------------------------------------

Error 0001:

Reported by:
  'error_pe/delta_k'

Details:
The design contains HDL blocks. Add a Vitis Model Composer Hub
block at the top level in the design.

--------------------------------------------------------------------------------

Error 0001:

Reported by:
  'error_pe/output_k'

Details:
The design contains HDL blocks. Add a Vitis Model Composer Hub
block at the top level in the design.

--------------------------------------------------------------------------------

Error 0001:

Reported by:
  'error_pe/error_out'

Details:
The design contains HDL blocks. Add a Vitis Model Composer Hub
block at the top level in the design.

--------------------------------------------------------------------------------

Error 0001:

Reported by:
  'error_pe/Constant'

Details:
The design contains HDL blocks. Add a Vitis Model Composer Hub
block at the top level in the design.

--------------------------------------------------------------------------------
